<?xml version="1.0" encoding="utf-8"?><testsuites name="pytest tests"><testsuite name="pytest" errors="0" failures="0" skipped="0" tests="41" time="33.063" timestamp="2026-08-15T19:23:48.304783+00:00" hostname="agent-env-b39aa8f7-3cd2-4133-9c7f-589246b8aa9e"><testcase classname="tests.backend_test.TestConversation" name="test_conversation_flow_and_candidate" time="4.118" /><testcase classname="tests.backend_test.TestMemory" name="test_list_memories_seeded" time="0.149" /><testcase classname="tests.backend_test.TestMemory" name="test_create_update_confirm_delete_memory" time="0.293" /><testcase classname="tests.backend_test.TestMemory" name="test_candidates_pending_endpoint" time="0.050" /><testcase classname="tests.backend_test.TestDreamOffer" name="test_overview_seeded" time="0.048" /><testcase classname="tests.backend_test.TestDreamOffer" name="test_company_crud_and_stage_cycle" time="0.193" /><testcase classname="tests.backend_test.TestDreamOffer" name="test_prep_crud" time="0.143" /><testcase classname="tests.backend_test.TestCalendar" name="test_events_split" time="0.047" /><testcase classname="tests.backend_test.TestCalendar" name="test_event_crud" time="0.093" /><testcase classname="tests.backend_test.TestCalendar" name="test_ask_natural_language" time="2.065" /><testcase classname="tests.test_v4_reminders_stories.TestReminders" name="test_list_reminders_shape_and_seeds" time="0.144" /><testcase classname="tests.test_v4_reminders_stories.TestReminders" name="test_sorted_by_urgency" time="0.047" /><testcase classname="tests.test_v4_reminders_stories.TestReminders" name="test_dismiss_reminder_disappears" time="0.245" /><testcase classname="tests.test_v4_reminders_stories.TestStories" name="test_list_seeded_stories" time="0.050" /><testcase classname="tests.test_v4_reminders_stories.TestStories" name="test_crud_story" time="0.233" /><testcase classname="tests.test_v4_reminders_stories.TestStories" name="test_polish_story_with_claude" time="7.232" /><testcase classname="tests.backend_test.TestConversation" name="test_confirm_candidate_becomes_memory" time="0.094" /><testcase classname="tests.backend_test.TestConversation" name="test_dismiss_candidate" time="3.645" /><testcase classname="tests.backend_test.TestPeople" name="test_seeded_people" time="0.045" /><testcase classname="tests.backend_test.TestPeople" name="test_person_crud" time="0.136" /><testcase classname="tests.backend_test.TestKnowledge" name="test_list_and_search" time="0.049" /><testcase classname="tests.backend_test.TestKnowledge" name="test_create_search_delete" time="0.138" /><testcase classname="tests.backend_test.TestStreaming" name="test_stream_sse_events" time="5.193" /><testcase classname="tests.backend_test.TestHome" name="test_home_shape" time="0.051" /><testcase classname="tests.backend_test.TestHome" name="test_home_state_override" time="0.142" /><testcase classname="tests.backend_test.TestSemanticSearch" name="test_semantic_search_ranks_by_meaning" time="3.516" /><testcase classname="tests.backend_test.TestStreaming" name="test_stream_yields_candidate" time="0.000" /><testcase classname="tests.backend_test.TestNotesInbox" name="test_upload_txt_and_download" time="0.884" /><testcase classname="tests.backend_test.TestNotesInbox" name="test_upload_pdf_extracts_text" time="0.492" /><testcase classname="tests.backend_test.TestSemanticSearch" name="test_semantic_search_nonsense_returns_few" time="1.193" /><testcase classname="tests.backend_test.TestInterviewCountdown" name="test_generate_get_toggle_task" time="6.919" /><testcase classname="tests.backend_test.TestTranscribe" name="test_transcribe_missing_file_422" time="0.136" /><testcase classname="tests.backend_test.TestTranscribe" name="test_transcribe_real_audio" time="1.438" /><testcase classname="tests.test_v5_match_snooze.TestSnoozeReminder" name="test_snooze_hides_reminder_today" time="0.295" /><testcase classname="tests.test_v5_match_snooze.TestSnoozeReminder" name="test_snooze_distinct_from_dismiss" time="0.335" /><testcase classname="tests.backend_test.TestDailyBrief" name="test_brief_get_cache_and_refresh" time="2.531" /><testcase classname="tests.backend_test.TestMemoryLinks" name="test_link_unlink_person" time="0.322" /><testcase classname="tests.backend_test.TestWeeklyReflection" name="test_weekly_reflection_cache_and_refresh" time="9.965" /><testcase classname="tests.backend_test.TestInterviewCountdown" name="test_generate_with_company_id" time="7.665" /><testcase classname="tests.test_v5_match_snooze.TestStoryMatcher" name="test_match_leadership_question_returns_isb" time="2.080" /><testcase classname="tests.test_v5_match_snooze.TestStoryMatcher" name="test_match_nonsense_returns_few" time="1.033" /></testsuite></testsuites>