<?xml version="1.0" encoding="utf-8"?><testsuites name="pytest tests"><testsuite name="pytest" errors="0" failures="2" skipped="1" tests="31" time="24.802" timestamp="2026-08-15T18:48:19.402003+00:00" hostname="agent-env-b39aa8f7-3cd2-4133-9c7f-589246b8aa9e"><testcase classname="tests.backend_test.TestConversation" name="test_conversation_flow_and_candidate" time="2.311"><failure message="AssertionError: expected candidates for memorable statement, got {'conversation_id': '6d3389ed-f88f-4821-a6a8-349bd29999d3', 'reply': {'id': 'e8145074-6d78-489a-9a6e-2c4098342edc', 'conversation_id': '6d3389ed-f88f-4821-a6a8-349bd29999d3', 'role': 'kukdi', 'text': &quot;Already in my notes — running before exams is yours, not just a habit but a real anchor. I'll make sure it stays front of mind whenever something high-stakes is coming up.&quot;, 'created': '2026-08-15T18:48:22.150883+00:00'}, 'candidates': [], 'detected_state': 'normal'}&#10;assert 0 &gt;= 1&#10; +  where 0 = len([])">backend/tests/backend_test.py:110: in test_conversation_flow_and_candidate
    assert len(d["candidates"]) &gt;= 1, f"expected candidates for memorable statement, got {d}"
E   AssertionError: expected candidates for memorable statement, got {'conversation_id': '6d3389ed-f88f-4821-a6a8-349bd29999d3', 'reply': {'id': 'e8145074-6d78-489a-9a6e-2c4098342edc', 'conversation_id': '6d3389ed-f88f-4821-a6a8-349bd29999d3', 'role': 'kukdi', 'text': "Already in my notes — running before exams is yours, not just a habit but a real anchor. I'll make sure it stays front of mind whenever something high-stakes is coming up.", 'created': '2026-08-15T18:48:22.150883+00:00'}, 'candidates': [], 'detected_state': 'normal'}
E   assert 0 &gt;= 1
E    +  where 0 = len([])</failure></testcase><testcase classname="tests.backend_test.TestMemory" name="test_list_memories_seeded" time="0.196" /><testcase classname="tests.backend_test.TestMemory" name="test_create_update_confirm_delete_memory" time="0.413" /><testcase classname="tests.backend_test.TestMemory" name="test_candidates_pending_endpoint" time="0.058" /><testcase classname="tests.backend_test.TestDreamOffer" name="test_overview_seeded" time="0.076" /><testcase classname="tests.backend_test.TestDreamOffer" name="test_company_crud_and_stage_cycle" time="0.275" /><testcase classname="tests.backend_test.TestDreamOffer" name="test_prep_crud" time="0.206" /><testcase classname="tests.backend_test.TestCalendar" name="test_events_split" time="0.093" /><testcase classname="tests.backend_test.TestCalendar" name="test_event_crud" time="0.137" /><testcase classname="tests.backend_test.TestCalendar" name="test_ask_natural_language" time="2.274" /><testcase classname="tests.backend_test.TestConversation" name="test_confirm_candidate_becomes_memory" time="0.000"><skipped type="pytest.skip" message="no candidate captured earlier">/app/backend/tests/backend_test.py:126: no candidate captured earlier</skipped></testcase><testcase classname="tests.backend_test.TestConversation" name="test_dismiss_candidate" time="3.295" /><testcase classname="tests.backend_test.TestHome" name="test_home_shape" time="0.105" /><testcase classname="tests.backend_test.TestHome" name="test_home_state_override" time="0.228" /><testcase classname="tests.backend_test.TestKnowledge" name="test_list_and_search" time="0.102" /><testcase classname="tests.backend_test.TestKnowledge" name="test_create_search_delete" time="0.205" /><testcase classname="tests.backend_test.TestStreaming" name="test_stream_sse_events" time="3.582" /><testcase classname="tests.backend_test.TestPeople" name="test_seeded_people" time="0.062" /><testcase classname="tests.backend_test.TestPeople" name="test_person_crud" time="0.177" /><testcase classname="tests.backend_test.TestSemanticSearch" name="test_semantic_search_ranks_by_meaning" time="2.189" /><testcase classname="tests.backend_test.TestStreaming" name="test_stream_yields_candidate" time="0.000"><failure message="AssertionError: expected candidate from memorable message, got []&#10;assert 0 &gt;= 1&#10; +  where 0 = len([])">backend/tests/backend_test.py:286: in test_stream_yields_candidate
    assert len(cands) &gt;= 1, f"expected candidate from memorable message, got {cands}"
E   AssertionError: expected candidate from memorable message, got []
E   assert 0 &gt;= 1
E    +  where 0 = len([])</failure></testcase><testcase classname="tests.backend_test.TestNotesInbox" name="test_upload_txt_and_download" time="1.101" /><testcase classname="tests.backend_test.TestSemanticSearch" name="test_semantic_search_nonsense_returns_few" time="1.598" /><testcase classname="tests.backend_test.TestNotesInbox" name="test_upload_pdf_extracts_text" time="0.646" /><testcase classname="tests.backend_test.TestTranscribe" name="test_transcribe_missing_file_422" time="0.110" /><testcase classname="tests.backend_test.TestInterviewCountdown" name="test_generate_get_toggle_task" time="6.726" /><testcase classname="tests.backend_test.TestTranscribe" name="test_transcribe_real_audio" time="1.488" /><testcase classname="tests.backend_test.TestDailyBrief" name="test_brief_get_cache_and_refresh" time="3.363" /><testcase classname="tests.backend_test.TestWeeklyReflection" name="test_weekly_reflection_cache_and_refresh" time="4.150" /><testcase classname="tests.backend_test.TestInterviewCountdown" name="test_generate_with_company_id" time="7.336" /><testcase classname="tests.backend_test.TestMemoryLinks" name="test_link_unlink_person" time="0.464" /></testsuite></testsuites>