<?xml version="1.0" encoding="utf-8"?><testsuites name="pytest tests"><testsuite name="pytest" errors="0" failures="0" skipped="0" tests="7" time="16.848" timestamp="2026-08-15T18:47:57.408232+00:00" hostname="agent-env-b39aa8f7-3cd2-4133-9c7f-589246b8aa9e"><testcase classname="tests.backend_test.TestTranscribe" name="test_transcribe_missing_file_422" time="0.337" /><testcase classname="tests.backend_test.TestSemanticSearch" name="test_semantic_search_ranks_by_meaning" time="2.221" /><testcase classname="tests.backend_test.TestTranscribe" name="test_transcribe_real_audio" time="1.112" /><testcase classname="tests.backend_test.TestWeeklyReflection" name="test_weekly_reflection_cache_and_refresh" time="5.595" /><testcase classname="tests.backend_test.TestSemanticSearch" name="test_semantic_search_nonsense_returns_few" time="1.002" /><testcase classname="tests.backend_test.TestInterviewCountdown" name="test_generate_get_toggle_task" time="6.078" /><testcase classname="tests.backend_test.TestInterviewCountdown" name="test_generate_with_company_id" time="6.859" /></testsuite></testsuites>