<?xml version="1.0" encoding="utf-8"?><testsuites name="pytest tests"><testsuite name="pytest" errors="0" failures="0" skipped="0" tests="18" time="8.388" timestamp="2026-08-15T15:20:47.999687+00:00" hostname="agent-env-b39aa8f7-3cd2-4133-9c7f-589246b8aa9e"><testcase classname="tests.backend_test.TestConversation" name="test_conversation_flow_and_candidate" time="4.544" /><testcase classname="tests.backend_test.TestMemory" name="test_list_memories_seeded" time="0.286" /><testcase classname="tests.backend_test.TestMemory" name="test_create_update_confirm_delete_memory" time="0.389" /><testcase classname="tests.backend_test.TestMemory" name="test_candidates_pending_endpoint" time="0.075" /><testcase classname="tests.backend_test.TestDreamOffer" name="test_overview_seeded" time="0.055" /><testcase classname="tests.backend_test.TestDreamOffer" name="test_company_crud_and_stage_cycle" time="0.235" /><testcase classname="tests.backend_test.TestDreamOffer" name="test_prep_crud" time="0.176" /><testcase classname="tests.backend_test.TestCalendar" name="test_events_split" time="0.056" /><testcase classname="tests.backend_test.TestCalendar" name="test_event_crud" time="0.136" /><testcase classname="tests.backend_test.TestCalendar" name="test_ask_natural_language" time="2.303" /><testcase classname="tests.backend_test.TestHome" name="test_home_shape" time="0.066" /><testcase classname="tests.backend_test.TestHome" name="test_home_state_override" time="0.160" /><testcase classname="tests.backend_test.TestPeople" name="test_seeded_people" time="0.061" /><testcase classname="tests.backend_test.TestPeople" name="test_person_crud" time="0.161" /><testcase classname="tests.backend_test.TestKnowledge" name="test_list_and_search" time="0.055" /><testcase classname="tests.backend_test.TestKnowledge" name="test_create_search_delete" time="0.161" /><testcase classname="tests.backend_test.TestConversation" name="test_confirm_candidate_becomes_memory" time="0.088" /><testcase classname="tests.backend_test.TestConversation" name="test_dismiss_candidate" time="3.273" /></testsuite></testsuites>