<?xml version="1.0" encoding="utf-8"?><testsuites name="pytest tests"><testsuite name="pytest" errors="0" failures="0" skipped="0" tests="6" time="9.071" timestamp="2026-08-15T19:09:38.787397+00:00" hostname="agent-env-b39aa8f7-3cd2-4133-9c7f-589246b8aa9e"><testcase classname="tests.test_v4_reminders_stories.TestReminders" name="test_list_reminders_shape_and_seeds" time="0.243" /><testcase classname="tests.test_v4_reminders_stories.TestStories" name="test_list_seeded_stories" time="0.252" /><testcase classname="tests.test_v4_reminders_stories.TestReminders" name="test_sorted_by_urgency" time="0.088" /><testcase classname="tests.test_v4_reminders_stories.TestStories" name="test_crud_story" time="0.296" /><testcase classname="tests.test_v4_reminders_stories.TestReminders" name="test_dismiss_reminder_disappears" time="0.311" /><testcase classname="tests.test_v4_reminders_stories.TestStories" name="test_polish_story_with_claude" time="7.691" /></testsuite></testsuites>