<?xml version="1.0" encoding="utf-8"?><testsuites name="pytest tests"><testsuite name="pytest" errors="0" failures="0" skipped="0" tests="4" time="3.658" timestamp="2026-08-15T19:23:39.932700+00:00" hostname="agent-env-b39aa8f7-3cd2-4133-9c7f-589246b8aa9e"><testcase classname="tests.test_v5_match_snooze.TestSnoozeReminder" name="test_snooze_hides_reminder_today" time="0.538" /><testcase classname="tests.test_v5_match_snooze.TestStoryMatcher" name="test_match_leadership_question_returns_isb" time="2.219" /><testcase classname="tests.test_v5_match_snooze.TestSnoozeReminder" name="test_snooze_distinct_from_dismiss" time="0.335" /><testcase classname="tests.test_v5_match_snooze.TestStoryMatcher" name="test_match_nonsense_returns_few" time="0.915" /></testsuite></testsuites>